<?xml version="1.0" encoding="UTF-8"?>
<testsuite xmlns:xsi="http://www.w3.org/2001/XMLSchema-instance" xsi:noNamespaceSchemaLocation="https://maven.apache.org/surefire/maven-surefire-plugin/xsd/surefire-test-report-3.0.xsd" version="3.0" name="com.redhat.demo.spring.ApplicationTests" time="3.88" tests="1" errors="0" skipped="0" failures="0">
  <properties>
[...]
</properties>
  <testcase name="contextLoads" classname="com.redhat.demo.spring.ApplicationTests" time="0.826">
    <system-out><![CDATA[15:04:39.772 [main] INFO org.springframework.test.context.support.AnnotationConfigContextLoaderUtils -- Could not detect default configuration classes for test class [com.redhat.demo.spring.ApplicationTests]: ApplicationTests does not declare any static, non-private, non-final, nested classes annotated with @Configuration.
15:04:39.968 [main] INFO org.springframework.boot.test.context.SpringBootTestContextBootstrapper -- Found @SpringBootConfiguration com.redhat.demo.spring.Application for test class com.redhat.demo.spring.ApplicationTests

  .   ____          _            __ _ _
 /\\ / ___'_ __ _ _(_)_ __  __ _ \ \ \ \
( ( )\___ | '_ | '_| | '_ \/ _` | \ \ \ \
 \\/  ___)| |_)| | | | | || (_| |  ) ) ) )
  '  |____| .__|_| |_|_| |_\__, | / / / /
 =========|_|==============|___/=/_/_/_/

 :: Spring Boot ::                (v3.3.5)

2024-11-29T15:04:40.473-03:00  INFO 23360 --- [demo.spring] [           main] c.redhat.demo.spring.ApplicationTests    : Starting ApplicationTests using Java 17.0.12 with PID 23360 (started by geral in C:\Users\geral\OneDrive\Escritorio\Reposx\Springboot-example-actutator)
2024-11-29T15:04:40.475-03:00  INFO 23360 --- [demo.spring] [           main] c.redhat.demo.spring.ApplicationTests    : No active profile set, falling back to 1 default profile: "default"
2024-11-29T15:04:42.531-03:00  INFO 23360 --- [demo.spring] [           main] o.s.b.a.e.web.EndpointLinksResolver      : Exposing 0 endpoints beneath base path '/actuator'
2024-11-29T15:04:42.592-03:00  INFO 23360 --- [demo.spring] [           main] c.redhat.demo.spring.ApplicationTests    : Started ApplicationTests in 2.42 seconds (process running for 3.515)
]]></system-out>
  </testcase>
</testsuite>